
8월 09, 2021 17:47:14.198 NEW SESSION
8월 09, 2021 17:47:14.198 [10672:6308:0809/174714.196:ERROR:device_event_log_impl.cc(214)] [17:47:14.196] Bluetooth: bluetooth_adapter_winrt.cc:1073 Getting Default Adapter failed.

8월 12, 2021 15:50:47.640 NEW SESSION
8월 12, 2021 15:50:47.640 [5076:4428:0812/155047.639:ERROR:device_event_log_impl.cc(214)] [15:50:47.638] Bluetooth: bluetooth_adapter_winrt.cc:1073 Getting Default Adapter failed.
8월 12, 2021 15:52:00.415 [5076:4428:0812/155200.415:ERROR:CONSOLE(1)] "Blocked script execution in 'data:text/html;charset=UTF-8,%3Chtml%3E%3Cbody%3E%3Cp%3E%EC%BF%A0%ED%82%A4%EA%B0%80%EC%A0%84%EC%86%A1%EB%90%98%EC%97%88%EC%8A%B5%EB%8B%88%EB%8B%A4%3C/p%3E%3Cbutton%20onclick='location.assign(%22checkCookie.do%22);'%3E%EC%BF%A0%ED%82%A4%EA%B0%92%20%ED%99%95%EC%9D%B8%20%3C/button%3E%3C/body%3E%3C/html%3E' because the document's frame is sandboxed and the 'allow-scripts' permission is not set.", source: data:text/html;charset=UTF-8,%3Chtml%3E%3Cbody%3E%3Cp%3E%EC%BF%A0%ED%82%A4%EA%B0%80%EC%A0%84%EC%86%A1%EB%90%98%EC%97%88%EC%8A%B5%EB%8B%88%EB%8B%A4%3C/p%3E%3Cbutton%20onclick='location.assign(%22checkCookie.do%22);'%3E%EC%BF%A0%ED%82%A4%EA%B0%92%20%ED%99%95%EC%9D%B8%20%3C/button%3E%3C/body%3E%3C/html%3E (1)
8월 12, 2021 16:38:57.332 [7620:5400:0812/163857.332:ERROR:device_event_log_impl.cc(214)] [16:38:57.332] Bluetooth: bluetooth_adapter_winrt.cc:1073 Getting Default Adapter failed.

8월 18, 2021 15:36:11.163 NEW SESSION
8월 18, 2021 15:36:11.163 [11720:12264:0818/153611.162:ERROR:device_event_log_impl.cc(214)] [15:36:11.162] Bluetooth: bluetooth_adapter_winrt.cc:1073 Getting Default Adapter failed.
8월 18, 2021 16:51:03.673 [10848:10428:0818/165103.672:ERROR:device_event_log_impl.cc(214)] [16:51:03.672] Bluetooth: bluetooth_adapter_winrt.cc:1073 Getting Default Adapter failed.
8월 18, 2021 17:20:26.299 [8788:11248:0818/172026.299:ERROR:device_event_log_impl.cc(214)] [17:20:26.299] Bluetooth: bluetooth_adapter_winrt.cc:1073 Getting Default Adapter failed.

8월 20, 2021 15:33:52.370 NEW SESSION
8월 20, 2021 15:33:52.371 [936:6272:0820/153352.368:ERROR:device_event_log_impl.cc(214)] [15:33:52.368] Bluetooth: bluetooth_adapter_winrt.cc:1073 Getting Default Adapter failed.

8월 24, 2021 15:54:08.324 NEW SESSION
8월 24, 2021 15:54:08.324 [11876:8856:0824/155408.323:ERROR:device_event_log_impl.cc(214)] [15:54:08.322] Bluetooth: bluetooth_adapter_winrt.cc:1073 Getting Default Adapter failed.

8월 25, 2021 15:50:06.687 NEW SESSION
8월 25, 2021 15:50:06.687 [6632:7480:0825/155006.686:ERROR:device_event_log_impl.cc(214)] [15:50:06.686] Bluetooth: bluetooth_adapter_winrt.cc:1073 Getting Default Adapter failed.
8월 25, 2021 18:20:21.955 [6992:7988:0825/182021.955:ERROR:device_event_log_impl.cc(214)] [18:20:21.953] Bluetooth: bluetooth_adapter_winrt.cc:1073 Getting Default Adapter failed.

8월 31, 2021 17:36:48.986 NEW SESSION
8월 31, 2021 17:36:48.986 [9836:14152:0831/173648.986:ERROR:device_event_log_impl.cc(214)] [17:36:48.994] Bluetooth: bluetooth_adapter_winrt.cc:1073 Getting Default Adapter failed.
8월 31, 2021 17:39:35.302 [7208:1120:0831/173935.301:ERROR:device_event_log_impl.cc(214)] [17:39:35.301] Bluetooth: bluetooth_adapter_winrt.cc:1073 Getting Default Adapter failed.
8월 31, 2021 17:39:53.379 [12720:7764:0831/173953.378:ERROR:device_event_log_impl.cc(214)] [17:39:53.379] Bluetooth: bluetooth_adapter_winrt.cc:1073 Getting Default Adapter failed.
8월 31, 2021 17:41:42.749 [3472:1856:0831/174142.748:ERROR:device_event_log_impl.cc(214)] [17:41:42.748] Bluetooth: bluetooth_adapter_winrt.cc:1073 Getting Default Adapter failed.
8월 31, 2021 17:42:31.777 [6896:2700:0831/174231.777:ERROR:device_event_log_impl.cc(214)] [17:42:31.776] Bluetooth: bluetooth_adapter_winrt.cc:1073 Getting Default Adapter failed.
8월 31, 2021 17:56:04.106 [1144:2316:0831/175604.106:ERROR:device_event_log_impl.cc(214)] [17:56:04.105] Bluetooth: bluetooth_adapter_winrt.cc:1073 Getting Default Adapter failed.
8월 31, 2021 17:56:58.547 [9260:1012:0831/175658.547:ERROR:device_event_log_impl.cc(214)] [17:56:58.547] Bluetooth: bluetooth_adapter_winrt.cc:1073 Getting Default Adapter failed.
8월 31, 2021 17:58:13.363 [5680:4328:0831/175813.363:ERROR:device_event_log_impl.cc(214)] [17:58:13.363] Bluetooth: bluetooth_adapter_winrt.cc:1073 Getting Default Adapter failed.

9월 01, 2021 15:41:15.983 NEW SESSION
9월 01, 2021 15:41:15.983 [13696:9704:0901/154115.982:ERROR:device_event_log_impl.cc(214)] [15:41:15.981] Bluetooth: bluetooth_adapter_winrt.cc:1073 Getting Default Adapter failed.
9월 01, 2021 20:25:44.294 [13696:9704:0901/202544.293:ERROR:CONSOLE(1)] "Request Runtime.evaluate failed. {"code":-32602,"message":"uniqueContextId not found"}", source: devtools://devtools/bundled/core/protocol_client/protocol_client.js (1)
9월 01, 2021 20:25:44.294 [13696:9704:0901/202544.294:ERROR:CONSOLE(1)] "uniqueContextId not found", source: devtools://devtools/bundled/core/sdk/sdk.js (1)
9월 01, 2021 20:25:44.294 [13696:9704:0901/202544.294:ERROR:CONSOLE(1)] "Extension server error: Inspector protocol error: uniqueContextId not found", source: devtools://devtools/bundled/models/extensions/extensions.js (1)

9월 03, 2021 16:00:08.283 NEW SESSION
9월 03, 2021 16:00:08.283 [3596:3400:0903/160008.269:ERROR:device_event_log_impl.cc(214)] [16:00:08.269] Bluetooth: bluetooth_adapter_winrt.cc:1073 Getting Default Adapter failed.
9월 03, 2021 16:00:10.162 [3596:504:0903/160010.160:ERROR:database.cc(1674)] Passwords SQLite error: code 2067 errno 0: UNIQUE constraint failed: insecure_credentials.parent_id, insecure_credentials.insecurity_type sql: INSERT INTO insecure_credentials (parent_id, insecurity_type, create_time, is_muted) SELECT id, ?, ?, ? FROM logins WHERE signon_realm=? AND username_value=?
9월 03, 2021 16:21:14.823 [3596:8724:0903/162114.822:ERROR:database.cc(1674)] Passwords SQLite error: code 2067 errno 0: UNIQUE constraint failed: insecure_credentials.parent_id, insecure_credentials.insecurity_type sql: INSERT INTO insecure_credentials (parent_id, insecurity_type, create_time, is_muted) SELECT id, ?, ?, ? FROM logins WHERE signon_realm=? AND username_value=?
9월 03, 2021 16:25:09.185 [3596:13956:0903/162509.185:ERROR:database.cc(1674)] Passwords SQLite error: code 2067 errno 0: UNIQUE constraint failed: insecure_credentials.parent_id, insecure_credentials.insecurity_type sql: INSERT INTO insecure_credentials (parent_id, insecurity_type, create_time, is_muted) SELECT id, ?, ?, ? FROM logins WHERE signon_realm=? AND username_value=?
9월 03, 2021 16:41:57.85 [3596:936:0903/164157.084:ERROR:database.cc(1674)] Passwords SQLite error: code 2067 errno 0: UNIQUE constraint failed: insecure_credentials.parent_id, insecure_credentials.insecurity_type sql: INSERT INTO insecure_credentials (parent_id, insecurity_type, create_time, is_muted) SELECT id, ?, ?, ? FROM logins WHERE signon_realm=? AND username_value=?
9월 03, 2021 16:45:47.362 [3596:13028:0903/164547.361:ERROR:database.cc(1674)] Passwords SQLite error: code 2067 errno 0: UNIQUE constraint failed: insecure_credentials.parent_id, insecure_credentials.insecurity_type sql: INSERT INTO insecure_credentials (parent_id, insecurity_type, create_time, is_muted) SELECT id, ?, ?, ? FROM logins WHERE signon_realm=? AND username_value=?
9월 03, 2021 18:06:00.847 [3596:13088:0903/180600.846:ERROR:database.cc(1674)] Passwords SQLite error: code 2067 errno 0: UNIQUE constraint failed: insecure_credentials.parent_id, insecure_credentials.insecurity_type sql: INSERT INTO insecure_credentials (parent_id, insecurity_type, create_time, is_muted) SELECT id, ?, ?, ? FROM logins WHERE signon_realm=? AND username_value=?
9월 03, 2021 19:19:48.256 [3596:4760:0903/191948.256:ERROR:database.cc(1674)] Passwords SQLite error: code 2067 errno 0: UNIQUE constraint failed: insecure_credentials.parent_id, insecure_credentials.insecurity_type sql: INSERT INTO insecure_credentials (parent_id, insecurity_type, create_time, is_muted) SELECT id, ?, ?, ? FROM logins WHERE signon_realm=? AND username_value=?
9월 03, 2021 19:24:38.348 [3596:4916:0903/192438.348:ERROR:database.cc(1674)] Passwords SQLite error: code 2067 errno 0: UNIQUE constraint failed: insecure_credentials.parent_id, insecure_credentials.insecurity_type sql: INSERT INTO insecure_credentials (parent_id, insecurity_type, create_time, is_muted) SELECT id, ?, ?, ? FROM logins WHERE signon_realm=? AND username_value=?
9월 03, 2021 19:43:24.336 [3596:3968:0903/194324.335:ERROR:database.cc(1674)] Passwords SQLite error: code 2067 errno 0: UNIQUE constraint failed: insecure_credentials.parent_id, insecure_credentials.insecurity_type sql: INSERT INTO insecure_credentials (parent_id, insecurity_type, create_time, is_muted) SELECT id, ?, ?, ? FROM logins WHERE signon_realm=? AND username_value=?
9월 03, 2021 20:17:30.916 [3596:8760:0903/201730.915:ERROR:database.cc(1674)] Passwords SQLite error: code 2067 errno 0: UNIQUE constraint failed: insecure_credentials.parent_id, insecure_credentials.insecurity_type sql: INSERT INTO insecure_credentials (parent_id, insecurity_type, create_time, is_muted) SELECT id, ?, ?, ? FROM logins WHERE signon_realm=? AND username_value=?
9월 03, 2021 20:20:22.329 [3596:8760:0903/202022.328:ERROR:database.cc(1674)] Passwords SQLite error: code 2067 errno 0: UNIQUE constraint failed: insecure_credentials.parent_id, insecure_credentials.insecurity_type sql: INSERT INTO insecure_credentials (parent_id, insecurity_type, create_time, is_muted) SELECT id, ?, ?, ? FROM logins WHERE signon_realm=? AND username_value=?
9월 03, 2021 20:51:39.268 [3596:2980:0903/205139.268:ERROR:database.cc(1674)] Passwords SQLite error: code 2067 errno 0: UNIQUE constraint failed: insecure_credentials.parent_id, insecure_credentials.insecurity_type sql: INSERT INTO insecure_credentials (parent_id, insecurity_type, create_time, is_muted) SELECT id, ?, ?, ? FROM logins WHERE signon_realm=? AND username_value=?
9월 03, 2021 21:24:53.47 [3596:14284:0903/212453.046:ERROR:database.cc(1674)] Passwords SQLite error: code 2067 errno 0: UNIQUE constraint failed: insecure_credentials.parent_id, insecure_credentials.insecurity_type sql: INSERT INTO insecure_credentials (parent_id, insecurity_type, create_time, is_muted) SELECT id, ?, ?, ? FROM logins WHERE signon_realm=? AND username_value=?
9월 03, 2021 21:28:24.228 [3596:10708:0903/212824.228:ERROR:database.cc(1674)] Passwords SQLite error: code 2067 errno 0: UNIQUE constraint failed: insecure_credentials.parent_id, insecure_credentials.insecurity_type sql: INSERT INTO insecure_credentials (parent_id, insecurity_type, create_time, is_muted) SELECT id, ?, ?, ? FROM logins WHERE signon_realm=? AND username_value=?
9월 03, 2021 21:29:53.490 [3596:2040:0903/212953.490:ERROR:database.cc(1674)] Passwords SQLite error: code 2067 errno 0: UNIQUE constraint failed: insecure_credentials.parent_id, insecure_credentials.insecurity_type sql: INSERT INTO insecure_credentials (parent_id, insecurity_type, create_time, is_muted) SELECT id, ?, ?, ? FROM logins WHERE signon_realm=? AND username_value=?
9월 03, 2021 21:31:24.287 [3596:12984:0903/213124.287:ERROR:database.cc(1674)] Passwords SQLite error: code 2067 errno 0: UNIQUE constraint failed: insecure_credentials.parent_id, insecure_credentials.insecurity_type sql: INSERT INTO insecure_credentials (parent_id, insecurity_type, create_time, is_muted) SELECT id, ?, ?, ? FROM logins WHERE signon_realm=? AND username_value=?
9월 03, 2021 21:45:32.571 [3596:1988:0903/214532.571:ERROR:database.cc(1674)] Passwords SQLite error: code 2067 errno 0: UNIQUE constraint failed: insecure_credentials.parent_id, insecure_credentials.insecurity_type sql: INSERT INTO insecure_credentials (parent_id, insecurity_type, create_time, is_muted) SELECT id, ?, ?, ? FROM logins WHERE signon_realm=? AND username_value=?
9월 03, 2021 22:18:05.430 [3596:7272:0903/221805.428:ERROR:database.cc(1674)] Passwords SQLite error: code 2067 errno 0: UNIQUE constraint failed: insecure_credentials.parent_id, insecure_credentials.insecurity_type sql: INSERT INTO insecure_credentials (parent_id, insecurity_type, create_time, is_muted) SELECT id, ?, ?, ? FROM logins WHERE signon_realm=? AND username_value=?

9월 06, 2021 16:30:11.620 NEW SESSION
9월 06, 2021 16:30:11.620 [7452:3256:0906/163011.619:ERROR:device_event_log_impl.cc(214)] [16:30:11.619] Bluetooth: bluetooth_adapter_winrt.cc:1073 Getting Default Adapter failed.
9월 06, 2021 16:30:13.07 [7452:2232:0906/163013.007:ERROR:database.cc(1674)] Passwords SQLite error: code 2067 errno 0: UNIQUE constraint failed: insecure_credentials.parent_id, insecure_credentials.insecurity_type sql: INSERT INTO insecure_credentials (parent_id, insecurity_type, create_time, is_muted) SELECT id, ?, ?, ? FROM logins WHERE signon_realm=? AND username_value=?
9월 06, 2021 16:32:14.288 [7452:6728:0906/163214.288:ERROR:database.cc(1674)] Passwords SQLite error: code 2067 errno 0: UNIQUE constraint failed: insecure_credentials.parent_id, insecure_credentials.insecurity_type sql: INSERT INTO insecure_credentials (parent_id, insecurity_type, create_time, is_muted) SELECT id, ?, ?, ? FROM logins WHERE signon_realm=? AND username_value=?
9월 06, 2021 16:42:56.122 [7452:13180:0906/164256.122:ERROR:database.cc(1674)] Passwords SQLite error: code 2067 errno 0: UNIQUE constraint failed: insecure_credentials.parent_id, insecure_credentials.insecurity_type sql: INSERT INTO insecure_credentials (parent_id, insecurity_type, create_time, is_muted) SELECT id, ?, ?, ? FROM logins WHERE signon_realm=? AND username_value=?
9월 06, 2021 17:36:04.520 [6744:5024:0906/173604.519:ERROR:device_event_log_impl.cc(214)] [17:36:04.519] Bluetooth: bluetooth_adapter_winrt.cc:1073 Getting Default Adapter failed.
9월 06, 2021 17:51:53.164 [6744:1100:0906/175153.163:ERROR:database.cc(1674)] Passwords SQLite error: code 2067 errno 0: UNIQUE constraint failed: insecure_credentials.parent_id, insecure_credentials.insecurity_type sql: INSERT INTO insecure_credentials (parent_id, insecurity_type, create_time, is_muted) SELECT id, ?, ?, ? FROM logins WHERE signon_realm=? AND username_value=?
9월 06, 2021 17:55:12.121 [6744:9540:0906/175512.120:ERROR:database.cc(1674)] Passwords SQLite error: code 2067 errno 0: UNIQUE constraint failed: insecure_credentials.parent_id, insecure_credentials.insecurity_type sql: INSERT INTO insecure_credentials (parent_id, insecurity_type, create_time, is_muted) SELECT id, ?, ?, ? FROM logins WHERE signon_realm=? AND username_value=?
9월 06, 2021 17:58:46.296 [6744:7688:0906/175846.295:ERROR:database.cc(1674)] Passwords SQLite error: code 2067 errno 0: UNIQUE constraint failed: insecure_credentials.parent_id, insecure_credentials.insecurity_type sql: INSERT INTO insecure_credentials (parent_id, insecurity_type, create_time, is_muted) SELECT id, ?, ?, ? FROM logins WHERE signon_realm=? AND username_value=?
9월 06, 2021 17:59:46.580 [6744:7856:0906/175946.580:ERROR:database.cc(1674)] Passwords SQLite error: code 2067 errno 0: UNIQUE constraint failed: insecure_credentials.parent_id, insecure_credentials.insecurity_type sql: INSERT INTO insecure_credentials (parent_id, insecurity_type, create_time, is_muted) SELECT id, ?, ?, ? FROM logins WHERE signon_realm=? AND username_value=?
9월 06, 2021 18:13:23.979 [6744:7444:0906/181323.979:ERROR:database.cc(1674)] Passwords SQLite error: code 2067 errno 0: UNIQUE constraint failed: insecure_credentials.parent_id, insecure_credentials.insecurity_type sql: INSERT INTO insecure_credentials (parent_id, insecurity_type, create_time, is_muted) SELECT id, ?, ?, ? FROM logins WHERE signon_realm=? AND username_value=?
9월 06, 2021 18:17:38.867 [6744:11088:0906/181738.867:ERROR:database.cc(1674)] Passwords SQLite error: code 2067 errno 0: UNIQUE constraint failed: insecure_credentials.parent_id, insecure_credentials.insecurity_type sql: INSERT INTO insecure_credentials (parent_id, insecurity_type, create_time, is_muted) SELECT id, ?, ?, ? FROM logins WHERE signon_realm=? AND username_value=?
9월 06, 2021 18:18:22.167 [13440:3712:0906/181822.167:ERROR:device_event_log_impl.cc(214)] [18:18:22.166] Bluetooth: bluetooth_adapter_winrt.cc:1073 Getting Default Adapter failed.
9월 06, 2021 18:18:24.51 [13440:9712:0906/181824.050:ERROR:database.cc(1674)] Passwords SQLite error: code 2067 errno 0: UNIQUE constraint failed: insecure_credentials.parent_id, insecure_credentials.insecurity_type sql: INSERT INTO insecure_credentials (parent_id, insecurity_type, create_time, is_muted) SELECT id, ?, ?, ? FROM logins WHERE signon_realm=? AND username_value=?
9월 06, 2021 18:21:27.389 [13440:9016:0906/182127.388:ERROR:database.cc(1674)] Passwords SQLite error: code 2067 errno 0: UNIQUE constraint failed: insecure_credentials.parent_id, insecure_credentials.insecurity_type sql: INSERT INTO insecure_credentials (parent_id, insecurity_type, create_time, is_muted) SELECT id, ?, ?, ? FROM logins WHERE signon_realm=? AND username_value=?
9월 06, 2021 18:26:24.324 [13440:7880:0906/182624.324:ERROR:database.cc(1674)] Passwords SQLite error: code 2067 errno 0: UNIQUE constraint failed: insecure_credentials.parent_id, insecure_credentials.insecurity_type sql: INSERT INTO insecure_credentials (parent_id, insecurity_type, create_time, is_muted) SELECT id, ?, ?, ? FROM logins WHERE signon_realm=? AND username_value=?
9월 06, 2021 18:40:36.861 [13440:10132:0906/184036.860:ERROR:database.cc(1674)] Passwords SQLite error: code 2067 errno 0: UNIQUE constraint failed: insecure_credentials.parent_id, insecure_credentials.insecurity_type sql: INSERT INTO insecure_credentials (parent_id, insecurity_type, create_time, is_muted) SELECT id, ?, ?, ? FROM logins WHERE signon_realm=? AND username_value=?
9월 06, 2021 18:41:39.581 [13440:6996:0906/184139.580:ERROR:database.cc(1674)] Passwords SQLite error: code 2067 errno 0: UNIQUE constraint failed: insecure_credentials.parent_id, insecure_credentials.insecurity_type sql: INSERT INTO insecure_credentials (parent_id, insecurity_type, create_time, is_muted) SELECT id, ?, ?, ? FROM logins WHERE signon_realm=? AND username_value=?
9월 06, 2021 18:42:53.998 [13440:14232:0906/184253.997:ERROR:database.cc(1674)] Passwords SQLite error: code 2067 errno 0: UNIQUE constraint failed: insecure_credentials.parent_id, insecure_credentials.insecurity_type sql: INSERT INTO insecure_credentials (parent_id, insecurity_type, create_time, is_muted) SELECT id, ?, ?, ? FROM logins WHERE signon_realm=? AND username_value=?
9월 06, 2021 18:47:33.328 [13440:7960:0906/184733.328:ERROR:database.cc(1674)] Passwords SQLite error: code 2067 errno 0: UNIQUE constraint failed: insecure_credentials.parent_id, insecure_credentials.insecurity_type sql: INSERT INTO insecure_credentials (parent_id, insecurity_type, create_time, is_muted) SELECT id, ?, ?, ? FROM logins WHERE signon_realm=? AND username_value=?
9월 06, 2021 18:49:05.890 [13440:2640:0906/184905.890:ERROR:database.cc(1674)] Passwords SQLite error: code 2067 errno 0: UNIQUE constraint failed: insecure_credentials.parent_id, insecure_credentials.insecurity_type sql: INSERT INTO insecure_credentials (parent_id, insecurity_type, create_time, is_muted) SELECT id, ?, ?, ? FROM logins WHERE signon_realm=? AND username_value=?
9월 06, 2021 18:50:43.653 [13440:7960:0906/185043.652:ERROR:database.cc(1674)] Passwords SQLite error: code 2067 errno 0: UNIQUE constraint failed: insecure_credentials.parent_id, insecure_credentials.insecurity_type sql: INSERT INTO insecure_credentials (parent_id, insecurity_type, create_time, is_muted) SELECT id, ?, ?, ? FROM logins WHERE signon_realm=? AND username_value=?
9월 06, 2021 18:51:46.922 [12976:8488:0906/185146.922:ERROR:device_event_log_impl.cc(214)] [18:51:46.922] Bluetooth: bluetooth_adapter_winrt.cc:1073 Getting Default Adapter failed.
9월 06, 2021 18:51:48.568 [12976:3368:0906/185148.567:ERROR:database.cc(1674)] Passwords SQLite error: code 2067 errno 0: UNIQUE constraint failed: insecure_credentials.parent_id, insecure_credentials.insecurity_type sql: INSERT INTO insecure_credentials (parent_id, insecurity_type, create_time, is_muted) SELECT id, ?, ?, ? FROM logins WHERE signon_realm=? AND username_value=?
9월 06, 2021 18:53:34.657 [12976:7244:0906/185334.656:ERROR:database.cc(1674)] Passwords SQLite error: code 2067 errno 0: UNIQUE constraint failed: insecure_credentials.parent_id, insecure_credentials.insecurity_type sql: INSERT INTO insecure_credentials (parent_id, insecurity_type, create_time, is_muted) SELECT id, ?, ?, ? FROM logins WHERE signon_realm=? AND username_value=?
9월 06, 2021 18:54:48.896 [12976:12180:0906/185448.896:ERROR:database.cc(1674)] Passwords SQLite error: code 2067 errno 0: UNIQUE constraint failed: insecure_credentials.parent_id, insecure_credentials.insecurity_type sql: INSERT INTO insecure_credentials (parent_id, insecurity_type, create_time, is_muted) SELECT id, ?, ?, ? FROM logins WHERE signon_realm=? AND username_value=?
9월 06, 2021 18:58:23.228 [12976:7340:0906/185823.227:ERROR:database.cc(1674)] Passwords SQLite error: code 2067 errno 0: UNIQUE constraint failed: insecure_credentials.parent_id, insecure_credentials.insecurity_type sql: INSERT INTO insecure_credentials (parent_id, insecurity_type, create_time, is_muted) SELECT id, ?, ?, ? FROM logins WHERE signon_realm=? AND username_value=?
9월 06, 2021 19:00:23.538 [12976:7036:0906/190023.537:ERROR:database.cc(1674)] Passwords SQLite error: code 2067 errno 0: UNIQUE constraint failed: insecure_credentials.parent_id, insecure_credentials.insecurity_type sql: INSERT INTO insecure_credentials (parent_id, insecurity_type, create_time, is_muted) SELECT id, ?, ?, ? FROM logins WHERE signon_realm=? AND username_value=?
9월 06, 2021 19:01:53.891 [12976:7160:0906/190153.890:ERROR:database.cc(1674)] Passwords SQLite error: code 2067 errno 0: UNIQUE constraint failed: insecure_credentials.parent_id, insecure_credentials.insecurity_type sql: INSERT INTO insecure_credentials (parent_id, insecurity_type, create_time, is_muted) SELECT id, ?, ?, ? FROM logins WHERE signon_realm=? AND username_value=?
9월 06, 2021 19:04:34.757 [12976:4296:0906/190434.756:ERROR:database.cc(1674)] Passwords SQLite error: code 2067 errno 0: UNIQUE constraint failed: insecure_credentials.parent_id, insecure_credentials.insecurity_type sql: INSERT INTO insecure_credentials (parent_id, insecurity_type, create_time, is_muted) SELECT id, ?, ?, ? FROM logins WHERE signon_realm=? AND username_value=?
9월 06, 2021 19:09:45.874 [12976:10084:0906/190945.874:ERROR:database.cc(1674)] Passwords SQLite error: code 2067 errno 0: UNIQUE constraint failed: insecure_credentials.parent_id, insecure_credentials.insecurity_type sql: INSERT INTO insecure_credentials (parent_id, insecurity_type, create_time, is_muted) SELECT id, ?, ?, ? FROM logins WHERE signon_realm=? AND username_value=?
9월 06, 2021 19:13:07.753 [12976:2304:0906/191307.752:ERROR:database.cc(1674)] Passwords SQLite error: code 2067 errno 0: UNIQUE constraint failed: insecure_credentials.parent_id, insecure_credentials.insecurity_type sql: INSERT INTO insecure_credentials (parent_id, insecurity_type, create_time, is_muted) SELECT id, ?, ?, ? FROM logins WHERE signon_realm=? AND username_value=?
9월 06, 2021 19:19:39.920 [12804:11976:0906/191939.920:ERROR:device_event_log_impl.cc(214)] [19:19:39.919] Bluetooth: bluetooth_adapter_winrt.cc:1073 Getting Default Adapter failed.
9월 06, 2021 19:28:03.19 [12804:3716:0906/192803.019:ERROR:database.cc(1674)] Passwords SQLite error: code 2067 errno 0: UNIQUE constraint failed: insecure_credentials.parent_id, insecure_credentials.insecurity_type sql: INSERT INTO insecure_credentials (parent_id, insecurity_type, create_time, is_muted) SELECT id, ?, ?, ? FROM logins WHERE signon_realm=? AND username_value=?
9월 06, 2021 19:29:05.164 [11552:1560:0906/192905.163:ERROR:device_event_log_impl.cc(214)] [19:29:05.163] Bluetooth: bluetooth_adapter_winrt.cc:1073 Getting Default Adapter failed.
9월 06, 2021 19:29:07.82 [11552:7320:0906/192907.081:ERROR:database.cc(1674)] Passwords SQLite error: code 2067 errno 0: UNIQUE constraint failed: insecure_credentials.parent_id, insecure_credentials.insecurity_type sql: INSERT INTO insecure_credentials (parent_id, insecurity_type, create_time, is_muted) SELECT id, ?, ?, ? FROM logins WHERE signon_realm=? AND username_value=?
9월 06, 2021 19:43:18.341 [11552:3948:0906/194318.340:ERROR:database.cc(1674)] Passwords SQLite error: code 2067 errno 0: UNIQUE constraint failed: insecure_credentials.parent_id, insecure_credentials.insecurity_type sql: INSERT INTO insecure_credentials (parent_id, insecurity_type, create_time, is_muted) SELECT id, ?, ?, ? FROM logins WHERE signon_realm=? AND username_value=?
9월 06, 2021 19:47:53.765 [11552:2784:0906/194753.764:ERROR:database.cc(1674)] Passwords SQLite error: code 2067 errno 0: UNIQUE constraint failed: insecure_credentials.parent_id, insecure_credentials.insecurity_type sql: INSERT INTO insecure_credentials (parent_id, insecurity_type, create_time, is_muted) SELECT id, ?, ?, ? FROM logins WHERE signon_realm=? AND username_value=?
9월 06, 2021 19:51:06.800 [11552:1560:0906/195106.799:ERROR:device_event_log_impl.cc(214)] [19:51:06.799] USB: usb_service_win.cc:281 SetupDiEnumDeviceInterfaces: 사용 가능한 데이터가 없습니다. (0x103)
9월 06, 2021 20:11:07.299 [13200:7856:0906/201107.299:ERROR:device_event_log_impl.cc(214)] [20:11:07.299] Bluetooth: bluetooth_adapter_winrt.cc:1073 Getting Default Adapter failed.
9월 06, 2021 20:11:08.614 [13200:2828:0906/201108.613:ERROR:database.cc(1674)] Passwords SQLite error: code 2067 errno 0: UNIQUE constraint failed: insecure_credentials.parent_id, insecure_credentials.insecurity_type sql: INSERT INTO insecure_credentials (parent_id, insecurity_type, create_time, is_muted) SELECT id, ?, ?, ? FROM logins WHERE signon_realm=? AND username_value=?
9월 06, 2021 20:14:57.349 [9276:13408:0906/201457.349:ERROR:device_event_log_impl.cc(214)] [20:14:57.349] Bluetooth: bluetooth_adapter_winrt.cc:1073 Getting Default Adapter failed.
9월 06, 2021 20:14:59.189 [9276:8968:0906/201459.189:ERROR:database.cc(1674)] Passwords SQLite error: code 2067 errno 0: UNIQUE constraint failed: insecure_credentials.parent_id, insecure_credentials.insecurity_type sql: INSERT INTO insecure_credentials (parent_id, insecurity_type, create_time, is_muted) SELECT id, ?, ?, ? FROM logins WHERE signon_realm=? AND username_value=?
9월 06, 2021 20:59:28.700 [9276:11152:0906/205928.700:ERROR:database.cc(1674)] Passwords SQLite error: code 2067 errno 0: UNIQUE constraint failed: insecure_credentials.parent_id, insecure_credentials.insecurity_type sql: INSERT INTO insecure_credentials (parent_id, insecurity_type, create_time, is_muted) SELECT id, ?, ?, ? FROM logins WHERE signon_realm=? AND username_value=?
9월 06, 2021 21:34:08.531 [9276:8016:0906/213408.531:ERROR:database.cc(1674)] Passwords SQLite error: code 2067 errno 0: UNIQUE constraint failed: insecure_credentials.parent_id, insecure_credentials.insecurity_type sql: INSERT INTO insecure_credentials (parent_id, insecurity_type, create_time, is_muted) SELECT id, ?, ?, ? FROM logins WHERE signon_realm=? AND username_value=?

9월 07, 2021 21:53:56.655 NEW SESSION
9월 07, 2021 21:53:56.655 [2488:6344:0907/215356.640:ERROR:device_event_log_impl.cc(214)] [21:53:56.640] Bluetooth: bluetooth_adapter_winrt.cc:1073 Getting Default Adapter failed.
9월 07, 2021 21:53:57.751 [2488:7192:0907/215357.750:ERROR:database.cc(1674)] Passwords SQLite error: code 2067 errno 0: UNIQUE constraint failed: insecure_credentials.parent_id, insecure_credentials.insecurity_type sql: INSERT INTO insecure_credentials (parent_id, insecurity_type, create_time, is_muted) SELECT id, ?, ?, ? FROM logins WHERE signon_realm=? AND username_value=?
9월 07, 2021 22:03:57.38 [2488:3152:0907/220357.037:ERROR:database.cc(1674)] Passwords SQLite error: code 2067 errno 0: UNIQUE constraint failed: insecure_credentials.parent_id, insecure_credentials.insecurity_type sql: INSERT INTO insecure_credentials (parent_id, insecurity_type, create_time, is_muted) SELECT id, ?, ?, ? FROM logins WHERE signon_realm=? AND username_value=?

9월 08, 2021 19:24:07.842 NEW SESSION
9월 08, 2021 19:24:07.842 [508:12812:0908/192407.841:ERROR:device_event_log_impl.cc(214)] [19:24:07.841] Bluetooth: bluetooth_adapter_winrt.cc:1073 Getting Default Adapter failed.
9월 08, 2021 19:24:11.709 [508:3932:0908/192411.709:ERROR:database.cc(1674)] Passwords SQLite error: code 2067 errno 0: UNIQUE constraint failed: insecure_credentials.parent_id, insecure_credentials.insecurity_type sql: INSERT INTO insecure_credentials (parent_id, insecurity_type, create_time, is_muted) SELECT id, ?, ?, ? FROM logins WHERE signon_realm=? AND username_value=?
9월 08, 2021 20:23:55.673 [9620:4184:0908/202355.673:ERROR:device_event_log_impl.cc(214)] [20:23:55.672] Bluetooth: bluetooth_adapter_winrt.cc:1073 Getting Default Adapter failed.
9월 08, 2021 20:23:59.432 [9620:6704:0908/202359.431:ERROR:database.cc(1674)] Passwords SQLite error: code 2067 errno 0: UNIQUE constraint failed: insecure_credentials.parent_id, insecure_credentials.insecurity_type sql: INSERT INTO insecure_credentials (parent_id, insecurity_type, create_time, is_muted) SELECT id, ?, ?, ? FROM logins WHERE signon_realm=? AND username_value=?

9월 09, 2021 18:13:51.440 NEW SESSION
9월 09, 2021 18:13:51.440 [12784:1096:0909/181351.437:ERROR:device_event_log_impl.cc(214)] [18:13:51.437] Bluetooth: bluetooth_adapter_winrt.cc:1073 Getting Default Adapter failed.
9월 09, 2021 18:13:53.451 [12784:1016:0909/181353.451:ERROR:database.cc(1674)] Passwords SQLite error: code 2067 errno 0: UNIQUE constraint failed: insecure_credentials.parent_id, insecure_credentials.insecurity_type sql: INSERT INTO insecure_credentials (parent_id, insecurity_type, create_time, is_muted) SELECT id, ?, ?, ? FROM logins WHERE signon_realm=? AND username_value=?
9월 09, 2021 18:15:38.777 [9264:11188:0909/181538.776:ERROR:device_event_log_impl.cc(214)] [18:15:38.775] Bluetooth: bluetooth_adapter_winrt.cc:1073 Getting Default Adapter failed.
9월 09, 2021 18:15:40.322 [9264:7536:0909/181540.321:ERROR:database.cc(1674)] Passwords SQLite error: code 2067 errno 0: UNIQUE constraint failed: insecure_credentials.parent_id, insecure_credentials.insecurity_type sql: INSERT INTO insecure_credentials (parent_id, insecurity_type, create_time, is_muted) SELECT id, ?, ?, ? FROM logins WHERE signon_realm=? AND username_value=?
9월 09, 2021 18:20:02.955 [2640:11808:0909/182002.954:ERROR:device_event_log_impl.cc(214)] [18:20:02.954] Bluetooth: bluetooth_adapter_winrt.cc:1073 Getting Default Adapter failed.
9월 09, 2021 18:20:08.92 [2640:14000:0909/182008.091:ERROR:database.cc(1674)] Passwords SQLite error: code 2067 errno 0: UNIQUE constraint failed: insecure_credentials.parent_id, insecure_credentials.insecurity_type sql: INSERT INTO insecure_credentials (parent_id, insecurity_type, create_time, is_muted) SELECT id, ?, ?, ? FROM logins WHERE signon_realm=? AND username_value=?
9월 09, 2021 18:22:18.73 [2640:368:0909/182218.073:ERROR:database.cc(1674)] Passwords SQLite error: code 2067 errno 0: UNIQUE constraint failed: insecure_credentials.parent_id, insecure_credentials.insecurity_type sql: INSERT INTO insecure_credentials (parent_id, insecurity_type, create_time, is_muted) SELECT id, ?, ?, ? FROM logins WHERE signon_realm=? AND username_value=?
9월 09, 2021 18:24:23.604 [2640:11792:0909/182423.604:ERROR:database.cc(1674)] Passwords SQLite error: code 2067 errno 0: UNIQUE constraint failed: insecure_credentials.parent_id, insecure_credentials.insecurity_type sql: INSERT INTO insecure_credentials (parent_id, insecurity_type, create_time, is_muted) SELECT id, ?, ?, ? FROM logins WHERE signon_realm=? AND username_value=?
9월 09, 2021 18:25:32.63 [2640:10624:0909/182532.063:ERROR:database.cc(1674)] Passwords SQLite error: code 2067 errno 0: UNIQUE constraint failed: insecure_credentials.parent_id, insecure_credentials.insecurity_type sql: INSERT INTO insecure_credentials (parent_id, insecurity_type, create_time, is_muted) SELECT id, ?, ?, ? FROM logins WHERE signon_realm=? AND username_value=?
9월 09, 2021 18:27:41.614 [2640:10624:0909/182741.614:ERROR:database.cc(1674)] Passwords SQLite error: code 2067 errno 0: UNIQUE constraint failed: insecure_credentials.parent_id, insecure_credentials.insecurity_type sql: INSERT INTO insecure_credentials (parent_id, insecurity_type, create_time, is_muted) SELECT id, ?, ?, ? FROM logins WHERE signon_realm=? AND username_value=?
9월 09, 2021 18:36:31.242 [3212:2044:0909/183631.241:ERROR:device_event_log_impl.cc(214)] [18:36:31.242] Bluetooth: bluetooth_adapter_winrt.cc:1073 Getting Default Adapter failed.
9월 09, 2021 18:36:32.331 [3212:13224:0909/183632.331:ERROR:database.cc(1674)] Passwords SQLite error: code 2067 errno 0: UNIQUE constraint failed: insecure_credentials.parent_id, insecure_credentials.insecurity_type sql: INSERT INTO insecure_credentials (parent_id, insecurity_type, create_time, is_muted) SELECT id, ?, ?, ? FROM logins WHERE signon_realm=? AND username_value=?
9월 09, 2021 19:08:02.895 [3212:13796:0909/190802.894:ERROR:database.cc(1674)] Passwords SQLite error: code 2067 errno 0: UNIQUE constraint failed: insecure_credentials.parent_id, insecure_credentials.insecurity_type sql: INSERT INTO insecure_credentials (parent_id, insecurity_type, create_time, is_muted) SELECT id, ?, ?, ? FROM logins WHERE signon_realm=? AND username_value=?
9월 09, 2021 19:09:03.940 [3212:11920:0909/190903.940:ERROR:database.cc(1674)] Passwords SQLite error: code 2067 errno 0: UNIQUE constraint failed: insecure_credentials.parent_id, insecure_credentials.insecurity_type sql: INSERT INTO insecure_credentials (parent_id, insecurity_type, create_time, is_muted) SELECT id, ?, ?, ? FROM logins WHERE signon_realm=? AND username_value=?
9월 09, 2021 19:14:48.112 [3212:11920:0909/191448.111:ERROR:database.cc(1674)] Passwords SQLite error: code 2067 errno 0: UNIQUE constraint failed: insecure_credentials.parent_id, insecure_credentials.insecurity_type sql: INSERT INTO insecure_credentials (parent_id, insecurity_type, create_time, is_muted) SELECT id, ?, ?, ? FROM logins WHERE signon_realm=? AND username_value=?
9월 09, 2021 19:53:19.213 [3212:2688:0909/195319.213:ERROR:database.cc(1674)] Passwords SQLite error: code 2067 errno 0: UNIQUE constraint failed: insecure_credentials.parent_id, insecure_credentials.insecurity_type sql: INSERT INTO insecure_credentials (parent_id, insecurity_type, create_time, is_muted) SELECT id, ?, ?, ? FROM logins WHERE signon_realm=? AND username_value=?
9월 09, 2021 21:25:05.847 [3212:6276:0909/212505.846:ERROR:database.cc(1674)] Passwords SQLite error: code 2067 errno 0: UNIQUE constraint failed: insecure_credentials.parent_id, insecure_credentials.insecurity_type sql: INSERT INTO insecure_credentials (parent_id, insecurity_type, create_time, is_muted) SELECT id, ?, ?, ? FROM logins WHERE signon_realm=? AND username_value=?
9월 09, 2021 21:27:04.434 [3212:10024:0909/212704.434:ERROR:database.cc(1674)] Passwords SQLite error: code 2067 errno 0: UNIQUE constraint failed: insecure_credentials.parent_id, insecure_credentials.insecurity_type sql: INSERT INTO insecure_credentials (parent_id, insecurity_type, create_time, is_muted) SELECT id, ?, ?, ? FROM logins WHERE signon_realm=? AND username_value=?
9월 09, 2021 21:28:21.831 [3212:12420:0909/212821.830:ERROR:database.cc(1674)] Passwords SQLite error: code 2067 errno 0: UNIQUE constraint failed: insecure_credentials.parent_id, insecure_credentials.insecurity_type sql: INSERT INTO insecure_credentials (parent_id, insecurity_type, create_time, is_muted) SELECT id, ?, ?, ? FROM logins WHERE signon_realm=? AND username_value=?
9월 09, 2021 21:29:13.778 [3212:168:0909/212913.777:ERROR:database.cc(1674)] Passwords SQLite error: code 2067 errno 0: UNIQUE constraint failed: insecure_credentials.parent_id, insecure_credentials.insecurity_type sql: INSERT INTO insecure_credentials (parent_id, insecurity_type, create_time, is_muted) SELECT id, ?, ?, ? FROM logins WHERE signon_realm=? AND username_value=?
9월 09, 2021 21:38:11.963 [3212:13952:0909/213811.962:ERROR:database.cc(1674)] Passwords SQLite error: code 2067 errno 0: UNIQUE constraint failed: insecure_credentials.parent_id, insecure_credentials.insecurity_type sql: INSERT INTO insecure_credentials (parent_id, insecurity_type, create_time, is_muted) SELECT id, ?, ?, ? FROM logins WHERE signon_realm=? AND username_value=?
9월 09, 2021 21:40:17.251 [3212:2232:0909/214017.251:ERROR:database.cc(1674)] Passwords SQLite error: code 2067 errno 0: UNIQUE constraint failed: insecure_credentials.parent_id, insecure_credentials.insecurity_type sql: INSERT INTO insecure_credentials (parent_id, insecurity_type, create_time, is_muted) SELECT id, ?, ?, ? FROM logins WHERE signon_realm=? AND username_value=?
9월 09, 2021 21:43:12.747 [3212:8660:0909/214312.747:ERROR:database.cc(1674)] Passwords SQLite error: code 2067 errno 0: UNIQUE constraint failed: insecure_credentials.parent_id, insecure_credentials.insecurity_type sql: INSERT INTO insecure_credentials (parent_id, insecurity_type, create_time, is_muted) SELECT id, ?, ?, ? FROM logins WHERE signon_realm=? AND username_value=?
9월 09, 2021 21:59:47.957 [3212:9896:0909/215947.957:ERROR:database.cc(1674)] Passwords SQLite error: code 2067 errno 0: UNIQUE constraint failed: insecure_credentials.parent_id, insecure_credentials.insecurity_type sql: INSERT INTO insecure_credentials (parent_id, insecurity_type, create_time, is_muted) SELECT id, ?, ?, ? FROM logins WHERE signon_realm=? AND username_value=?
9월 09, 2021 22:01:43.584 [3212:9896:0909/220143.584:ERROR:database.cc(1674)] Passwords SQLite error: code 2067 errno 0: UNIQUE constraint failed: insecure_credentials.parent_id, insecure_credentials.insecurity_type sql: INSERT INTO insecure_credentials (parent_id, insecurity_type, create_time, is_muted) SELECT id, ?, ?, ? FROM logins WHERE signon_realm=? AND username_value=?
9월 09, 2021 22:02:28.832 [3212:9832:0909/220228.832:ERROR:database.cc(1674)] Passwords SQLite error: code 2067 errno 0: UNIQUE constraint failed: insecure_credentials.parent_id, insecure_credentials.insecurity_type sql: INSERT INTO insecure_credentials (parent_id, insecurity_type, create_time, is_muted) SELECT id, ?, ?, ? FROM logins WHERE signon_realm=? AND username_value=?
9월 09, 2021 22:04:00.861 [3212:1320:0909/220400.861:ERROR:database.cc(1674)] Passwords SQLite error: code 2067 errno 0: UNIQUE constraint failed: insecure_credentials.parent_id, insecure_credentials.insecurity_type sql: INSERT INTO insecure_credentials (parent_id, insecurity_type, create_time, is_muted) SELECT id, ?, ?, ? FROM logins WHERE signon_realm=? AND username_value=?
9월 09, 2021 22:07:44.165 [3212:8640:0909/220744.164:ERROR:database.cc(1674)] Passwords SQLite error: code 2067 errno 0: UNIQUE constraint failed: insecure_credentials.parent_id, insecure_credentials.insecurity_type sql: INSERT INTO insecure_credentials (parent_id, insecurity_type, create_time, is_muted) SELECT id, ?, ?, ? FROM logins WHERE signon_realm=? AND username_value=?
9월 09, 2021 22:14:41.704 [3212:8640:0909/221441.703:ERROR:database.cc(1674)] Passwords SQLite error: code 2067 errno 0: UNIQUE constraint failed: insecure_credentials.parent_id, insecure_credentials.insecurity_type sql: INSERT INTO insecure_credentials (parent_id, insecurity_type, create_time, is_muted) SELECT id, ?, ?, ? FROM logins WHERE signon_realm=? AND username_value=?
9월 09, 2021 22:16:26.681 [3212:6360:0909/221626.680:ERROR:database.cc(1674)] Passwords SQLite error: code 2067 errno 0: UNIQUE constraint failed: insecure_credentials.parent_id, insecure_credentials.insecurity_type sql: INSERT INTO insecure_credentials (parent_id, insecurity_type, create_time, is_muted) SELECT id, ?, ?, ? FROM logins WHERE signon_realm=? AND username_value=?

9월 10, 2021 14:31:23.568 NEW SESSION
9월 10, 2021 14:31:23.568 [12852:5760:0910/143123.566:ERROR:device_event_log_impl.cc(214)] [14:31:23.565] Bluetooth: bluetooth_adapter_winrt.cc:1073 Getting Default Adapter failed.
9월 10, 2021 14:31:26.263 [12852:8332:0910/143126.263:ERROR:database.cc(1674)] Passwords SQLite error: code 2067 errno 0: UNIQUE constraint failed: insecure_credentials.parent_id, insecure_credentials.insecurity_type sql: INSERT INTO insecure_credentials (parent_id, insecurity_type, create_time, is_muted) SELECT id, ?, ?, ? FROM logins WHERE signon_realm=? AND username_value=?
9월 10, 2021 14:41:59.07 [12852:7772:0910/144159.007:ERROR:database.cc(1674)] Passwords SQLite error: code 2067 errno 0: UNIQUE constraint failed: insecure_credentials.parent_id, insecure_credentials.insecurity_type sql: INSERT INTO insecure_credentials (parent_id, insecurity_type, create_time, is_muted) SELECT id, ?, ?, ? FROM logins WHERE signon_realm=? AND username_value=?
9월 10, 2021 14:43:22.754 [12852:10332:0910/144322.754:ERROR:database.cc(1674)] Passwords SQLite error: code 2067 errno 0: UNIQUE constraint failed: insecure_credentials.parent_id, insecure_credentials.insecurity_type sql: INSERT INTO insecure_credentials (parent_id, insecurity_type, create_time, is_muted) SELECT id, ?, ?, ? FROM logins WHERE signon_realm=? AND username_value=?
9월 10, 2021 15:17:30.604 [12852:1304:0910/151730.604:ERROR:database.cc(1674)] Passwords SQLite error: code 2067 errno 0: UNIQUE constraint failed: insecure_credentials.parent_id, insecure_credentials.insecurity_type sql: INSERT INTO insecure_credentials (parent_id, insecurity_type, create_time, is_muted) SELECT id, ?, ?, ? FROM logins WHERE signon_realm=? AND username_value=?
9월 10, 2021 15:20:16.179 [12852:5980:0910/152016.179:ERROR:database.cc(1674)] Passwords SQLite error: code 2067 errno 0: UNIQUE constraint failed: insecure_credentials.parent_id, insecure_credentials.insecurity_type sql: INSERT INTO insecure_credentials (parent_id, insecurity_type, create_time, is_muted) SELECT id, ?, ?, ? FROM logins WHERE signon_realm=? AND username_value=?
9월 10, 2021 15:23:12.925 [12852:11148:0910/152312.924:ERROR:database.cc(1674)] Passwords SQLite error: code 2067 errno 0: UNIQUE constraint failed: insecure_credentials.parent_id, insecure_credentials.insecurity_type sql: INSERT INTO insecure_credentials (parent_id, insecurity_type, create_time, is_muted) SELECT id, ?, ?, ? FROM logins WHERE signon_realm=? AND username_value=?
9월 10, 2021 15:24:21.137 [12852:6560:0910/152421.137:ERROR:database.cc(1674)] Passwords SQLite error: code 2067 errno 0: UNIQUE constraint failed: insecure_credentials.parent_id, insecure_credentials.insecurity_type sql: INSERT INTO insecure_credentials (parent_id, insecurity_type, create_time, is_muted) SELECT id, ?, ?, ? FROM logins WHERE signon_realm=? AND username_value=?

9월 10, 2021 21:44:23.298 NEW SESSION
9월 10, 2021 21:44:23.298 [8792:840:0910/214423.297:ERROR:device_event_log_impl.cc(214)] [21:44:23.298] Bluetooth: bluetooth_adapter_winrt.cc:1073 Getting Default Adapter failed.
9월 10, 2021 21:44:36.749 [9528:2484:0910/214436.748:ERROR:device_event_log_impl.cc(214)] [21:44:36.748] Bluetooth: bluetooth_adapter_winrt.cc:1073 Getting Default Adapter failed.
9월 10, 2021 21:44:39.73 [9528:6064:0910/214439.072:ERROR:database.cc(1674)] Passwords SQLite error: code 2067 errno 0: UNIQUE constraint failed: insecure_credentials.parent_id, insecure_credentials.insecurity_type sql: INSERT INTO insecure_credentials (parent_id, insecurity_type, create_time, is_muted) SELECT id, ?, ?, ? FROM logins WHERE signon_realm=? AND username_value=?

9월 11, 2021 05:43:55.321 NEW SESSION
9월 11, 2021 05:43:55.321 [4880:2164:0911/054355.319:ERROR:device_event_log_impl.cc(214)] [05:43:55.319] Bluetooth: bluetooth_adapter_winrt.cc:1073 Getting Default Adapter failed.
9월 11, 2021 05:44:13.734 [7540:7656:0911/054413.734:ERROR:device_event_log_impl.cc(214)] [05:44:13.733] Bluetooth: bluetooth_adapter_winrt.cc:1073 Getting Default Adapter failed.
9월 11, 2021 05:45:11.350 [4696:12800:0911/054511.349:ERROR:device_event_log_impl.cc(214)] [05:45:11.349] Bluetooth: bluetooth_adapter_winrt.cc:1073 Getting Default Adapter failed.
9월 11, 2021 05:45:13.353 [4696:1592:0911/054513.353:ERROR:database.cc(1674)] Passwords SQLite error: code 2067 errno 0: UNIQUE constraint failed: insecure_credentials.parent_id, insecure_credentials.insecurity_type sql: INSERT INTO insecure_credentials (parent_id, insecurity_type, create_time, is_muted) SELECT id, ?, ?, ? FROM logins WHERE signon_realm=? AND username_value=?

9월 12, 2021 17:15:15.965 NEW SESSION
9월 12, 2021 17:15:15.965 [6680:6616:0912/171515.963:ERROR:device_event_log_impl.cc(214)] [17:15:15.963] Bluetooth: bluetooth_adapter_winrt.cc:1073 Getting Default Adapter failed.
9월 12, 2021 17:15:18.749 [6680:4824:0912/171518.749:ERROR:database.cc(1674)] Passwords SQLite error: code 2067 errno 0: UNIQUE constraint failed: insecure_credentials.parent_id, insecure_credentials.insecurity_type sql: INSERT INTO insecure_credentials (parent_id, insecurity_type, create_time, is_muted) SELECT id, ?, ?, ? FROM logins WHERE signon_realm=? AND username_value=?
9월 12, 2021 17:30:58.271 [13796:3732:0912/173058.271:ERROR:device_event_log_impl.cc(214)] [17:30:58.270] Bluetooth: bluetooth_adapter_winrt.cc:1073 Getting Default Adapter failed.
9월 12, 2021 17:31:01.978 [13796:8232:0912/173101.978:ERROR:database.cc(1674)] Passwords SQLite error: code 2067 errno 0: UNIQUE constraint failed: insecure_credentials.parent_id, insecure_credentials.insecurity_type sql: INSERT INTO insecure_credentials (parent_id, insecurity_type, create_time, is_muted) SELECT id, ?, ?, ? FROM logins WHERE signon_realm=? AND username_value=?
9월 12, 2021 19:07:07.646 [13796:12192:0912/190707.645:ERROR:database.cc(1674)] Passwords SQLite error: code 2067 errno 0: UNIQUE constraint failed: insecure_credentials.parent_id, insecure_credentials.insecurity_type sql: INSERT INTO insecure_credentials (parent_id, insecurity_type, create_time, is_muted) SELECT id, ?, ?, ? FROM logins WHERE signon_realm=? AND username_value=?
9월 12, 2021 19:20:39.783 [13796:12192:0912/192039.783:ERROR:database.cc(1674)] Passwords SQLite error: code 2067 errno 0: UNIQUE constraint failed: insecure_credentials.parent_id, insecure_credentials.insecurity_type sql: INSERT INTO insecure_credentials (parent_id, insecurity_type, create_time, is_muted) SELECT id, ?, ?, ? FROM logins WHERE signon_realm=? AND username_value=?

9월 13, 2021 15:43:58.806 NEW SESSION
9월 13, 2021 15:43:58.806 [7964:10972:0913/154358.805:ERROR:device_event_log_impl.cc(214)] [15:43:58.804] Bluetooth: bluetooth_adapter_winrt.cc:1073 Getting Default Adapter failed.
9월 13, 2021 15:44:00.770 [7964:7748:0913/154400.770:ERROR:database.cc(1674)] Passwords SQLite error: code 2067 errno 0: UNIQUE constraint failed: insecure_credentials.parent_id, insecure_credentials.insecurity_type sql: INSERT INTO insecure_credentials (parent_id, insecurity_type, create_time, is_muted) SELECT id, ?, ?, ? FROM logins WHERE signon_realm=? AND username_value=?
9월 13, 2021 15:58:23.832 [7964:10580:0913/155823.831:ERROR:database.cc(1674)] Passwords SQLite error: code 2067 errno 0: UNIQUE constraint failed: insecure_credentials.parent_id, insecure_credentials.insecurity_type sql: INSERT INTO insecure_credentials (parent_id, insecurity_type, create_time, is_muted) SELECT id, ?, ?, ? FROM logins WHERE signon_realm=? AND username_value=?
9월 13, 2021 17:20:59.415 [7964:504:0913/172059.414:ERROR:database.cc(1674)] Passwords SQLite error: code 2067 errno 0: UNIQUE constraint failed: insecure_credentials.parent_id, insecure_credentials.insecurity_type sql: INSERT INTO insecure_credentials (parent_id, insecurity_type, create_time, is_muted) SELECT id, ?, ?, ? FROM logins WHERE signon_realm=? AND username_value=?
9월 13, 2021 17:34:27.405 [7964:13848:0913/173427.404:ERROR:database.cc(1674)] Passwords SQLite error: code 2067 errno 0: UNIQUE constraint failed: insecure_credentials.parent_id, insecure_credentials.insecurity_type sql: INSERT INTO insecure_credentials (parent_id, insecurity_type, create_time, is_muted) SELECT id, ?, ?, ? FROM logins WHERE signon_realm=? AND username_value=?
9월 13, 2021 17:50:09.722 [7964:2140:0913/175009.722:ERROR:database.cc(1674)] Passwords SQLite error: code 2067 errno 0: UNIQUE constraint failed: insecure_credentials.parent_id, insecure_credentials.insecurity_type sql: INSERT INTO insecure_credentials (parent_id, insecurity_type, create_time, is_muted) SELECT id, ?, ?, ? FROM logins WHERE signon_realm=? AND username_value=?
9월 13, 2021 17:51:19.845 [7964:2140:0913/175119.844:ERROR:database.cc(1674)] Passwords SQLite error: code 2067 errno 0: UNIQUE constraint failed: insecure_credentials.parent_id, insecure_credentials.insecurity_type sql: INSERT INTO insecure_credentials (parent_id, insecurity_type, create_time, is_muted) SELECT id, ?, ?, ? FROM logins WHERE signon_realm=? AND username_value=?
9월 13, 2021 17:52:35.313 [7964:2140:0913/175235.313:ERROR:database.cc(1674)] Passwords SQLite error: code 2067 errno 0: UNIQUE constraint failed: insecure_credentials.parent_id, insecure_credentials.insecurity_type sql: INSERT INTO insecure_credentials (parent_id, insecurity_type, create_time, is_muted) SELECT id, ?, ?, ? FROM logins WHERE signon_realm=? AND username_value=?
9월 13, 2021 18:00:10.07 [7964:11868:0913/180010.006:ERROR:database.cc(1674)] Passwords SQLite error: code 2067 errno 0: UNIQUE constraint failed: insecure_credentials.parent_id, insecure_credentials.insecurity_type sql: INSERT INTO insecure_credentials (parent_id, insecurity_type, create_time, is_muted) SELECT id, ?, ?, ? FROM logins WHERE signon_realm=? AND username_value=?
9월 13, 2021 18:01:33.464 [7964:5848:0913/180133.463:ERROR:database.cc(1674)] Passwords SQLite error: code 2067 errno 0: UNIQUE constraint failed: insecure_credentials.parent_id, insecure_credentials.insecurity_type sql: INSERT INTO insecure_credentials (parent_id, insecurity_type, create_time, is_muted) SELECT id, ?, ?, ? FROM logins WHERE signon_realm=? AND username_value=?
9월 13, 2021 18:24:00.309 [7964:11204:0913/182400.308:ERROR:database.cc(1674)] Passwords SQLite error: code 2067 errno 0: UNIQUE constraint failed: insecure_credentials.parent_id, insecure_credentials.insecurity_type sql: INSERT INTO insecure_credentials (parent_id, insecurity_type, create_time, is_muted) SELECT id, ?, ?, ? FROM logins WHERE signon_realm=? AND username_value=?
9월 13, 2021 18:32:18.106 [7964:5924:0913/183218.106:ERROR:database.cc(1674)] Passwords SQLite error: code 2067 errno 0: UNIQUE constraint failed: insecure_credentials.parent_id, insecure_credentials.insecurity_type sql: INSERT INTO insecure_credentials (parent_id, insecurity_type, create_time, is_muted) SELECT id, ?, ?, ? FROM logins WHERE signon_realm=? AND username_value=?
9월 13, 2021 18:33:14.688 [7964:13444:0913/183314.687:ERROR:database.cc(1674)] Passwords SQLite error: code 2067 errno 0: UNIQUE constraint failed: insecure_credentials.parent_id, insecure_credentials.insecurity_type sql: INSERT INTO insecure_credentials (parent_id, insecurity_type, create_time, is_muted) SELECT id, ?, ?, ? FROM logins WHERE signon_realm=? AND username_value=?
9월 13, 2021 18:36:30.878 [7964:11696:0913/183630.877:ERROR:database.cc(1674)] Passwords SQLite error: code 2067 errno 0: UNIQUE constraint failed: insecure_credentials.parent_id, insecure_credentials.insecurity_type sql: INSERT INTO insecure_credentials (parent_id, insecurity_type, create_time, is_muted) SELECT id, ?, ?, ? FROM logins WHERE signon_realm=? AND username_value=?
9월 13, 2021 18:38:17.879 [7964:11484:0913/183817.879:ERROR:database.cc(1674)] Passwords SQLite error: code 2067 errno 0: UNIQUE constraint failed: insecure_credentials.parent_id, insecure_credentials.insecurity_type sql: INSERT INTO insecure_credentials (parent_id, insecurity_type, create_time, is_muted) SELECT id, ?, ?, ? FROM logins WHERE signon_realm=? AND username_value=?
9월 13, 2021 18:55:11.78 [7964:7692:0913/185511.078:ERROR:database.cc(1674)] Passwords SQLite error: code 2067 errno 0: UNIQUE constraint failed: insecure_credentials.parent_id, insecure_credentials.insecurity_type sql: INSERT INTO insecure_credentials (parent_id, insecurity_type, create_time, is_muted) SELECT id, ?, ?, ? FROM logins WHERE signon_realm=? AND username_value=?
9월 13, 2021 18:57:35.863 [7964:7692:0913/185735.863:ERROR:database.cc(1674)] Passwords SQLite error: code 2067 errno 0: UNIQUE constraint failed: insecure_credentials.parent_id, insecure_credentials.insecurity_type sql: INSERT INTO insecure_credentials (parent_id, insecurity_type, create_time, is_muted) SELECT id, ?, ?, ? FROM logins WHERE signon_realm=? AND username_value=?
9월 13, 2021 19:00:46.300 [7964:9952:0913/190046.299:ERROR:database.cc(1674)] Passwords SQLite error: code 2067 errno 0: UNIQUE constraint failed: insecure_credentials.parent_id, insecure_credentials.insecurity_type sql: INSERT INTO insecure_credentials (parent_id, insecurity_type, create_time, is_muted) SELECT id, ?, ?, ? FROM logins WHERE signon_realm=? AND username_value=?
9월 13, 2021 19:01:39.823 [7964:9952:0913/190139.822:ERROR:database.cc(1674)] Passwords SQLite error: code 2067 errno 0: UNIQUE constraint failed: insecure_credentials.parent_id, insecure_credentials.insecurity_type sql: INSERT INTO insecure_credentials (parent_id, insecurity_type, create_time, is_muted) SELECT id, ?, ?, ? FROM logins WHERE signon_realm=? AND username_value=?
9월 13, 2021 19:18:04.453 [7964:6660:0913/191804.452:ERROR:database.cc(1674)] Passwords SQLite error: code 2067 errno 0: UNIQUE constraint failed: insecure_credentials.parent_id, insecure_credentials.insecurity_type sql: INSERT INTO insecure_credentials (parent_id, insecurity_type, create_time, is_muted) SELECT id, ?, ?, ? FROM logins WHERE signon_realm=? AND username_value=?
9월 13, 2021 19:23:54.158 [12968:5800:0913/192354.157:ERROR:device_event_log_impl.cc(214)] [19:23:54.157] Bluetooth: bluetooth_adapter_winrt.cc:1073 Getting Default Adapter failed.
9월 13, 2021 19:23:56.478 [12968:12544:0913/192356.478:ERROR:database.cc(1674)] Passwords SQLite error: code 2067 errno 0: UNIQUE constraint failed: insecure_credentials.parent_id, insecure_credentials.insecurity_type sql: INSERT INTO insecure_credentials (parent_id, insecurity_type, create_time, is_muted) SELECT id, ?, ?, ? FROM logins WHERE signon_realm=? AND username_value=?
9월 13, 2021 19:31:58.710 [12436:7608:0913/193158.710:ERROR:device_event_log_impl.cc(214)] [19:31:58.711] Bluetooth: bluetooth_adapter_winrt.cc:1073 Getting Default Adapter failed.
9월 13, 2021 19:32:01.806 [12436:11336:0913/193201.805:ERROR:database.cc(1674)] Passwords SQLite error: code 2067 errno 0: UNIQUE constraint failed: insecure_credentials.parent_id, insecure_credentials.insecurity_type sql: INSERT INTO insecure_credentials (parent_id, insecurity_type, create_time, is_muted) SELECT id, ?, ?, ? FROM logins WHERE signon_realm=? AND username_value=?
9월 13, 2021 19:33:05.311 [12436:3528:0913/193305.311:ERROR:database.cc(1674)] Passwords SQLite error: code 2067 errno 0: UNIQUE constraint failed: insecure_credentials.parent_id, insecure_credentials.insecurity_type sql: INSERT INTO insecure_credentials (parent_id, insecurity_type, create_time, is_muted) SELECT id, ?, ?, ? FROM logins WHERE signon_realm=? AND username_value=?
9월 13, 2021 19:35:45.295 [12436:11336:0913/193545.295:ERROR:database.cc(1674)] Passwords SQLite error: code 2067 errno 0: UNIQUE constraint failed: insecure_credentials.parent_id, insecure_credentials.insecurity_type sql: INSERT INTO insecure_credentials (parent_id, insecurity_type, create_time, is_muted) SELECT id, ?, ?, ? FROM logins WHERE signon_realm=? AND username_value=?
9월 13, 2021 19:36:00.847 [12436:7608:0913/193600.847:ERROR:CONSOLE(1)] "Extension server error: Object not found: <top>", source: devtools://devtools/bundled/models/extensions/extensions.js (1)
9월 13, 2021 19:36:10.593 [12436:7608:0913/193610.593:ERROR:CONSOLE(1)] "Extension server error: Object not found: <top>", source: devtools://devtools/bundled/models/extensions/extensions.js (1)
9월 13, 2021 19:36:11.596 [12436:7608:0913/193611.596:ERROR:CONSOLE(1)] "Extension server error: Object not found: <top>", source: devtools://devtools/bundled/models/extensions/extensions.js (1)
9월 13, 2021 19:36:12.606 [12436:7608:0913/193612.606:ERROR:CONSOLE(1)] "Extension server error: Object not found: <top>", source: devtools://devtools/bundled/models/extensions/extensions.js (1)
9월 13, 2021 19:36:13.601 [12436:7608:0913/193613.600:ERROR:CONSOLE(1)] "Extension server error: Object not found: <top>", source: devtools://devtools/bundled/models/extensions/extensions.js (1)
9월 13, 2021 19:43:05.664 [12712:2708:0913/194305.664:ERROR:device_event_log_impl.cc(214)] [19:43:05.663] Bluetooth: bluetooth_adapter_winrt.cc:1073 Getting Default Adapter failed.
9월 13, 2021 19:43:08.968 [12712:7224:0913/194308.968:ERROR:database.cc(1674)] Passwords SQLite error: code 2067 errno 0: UNIQUE constraint failed: insecure_credentials.parent_id, insecure_credentials.insecurity_type sql: INSERT INTO insecure_credentials (parent_id, insecurity_type, create_time, is_muted) SELECT id, ?, ?, ? FROM logins WHERE signon_realm=? AND username_value=?
9월 13, 2021 19:45:54.589 [12712:9740:0913/194554.588:ERROR:database.cc(1674)] Passwords SQLite error: code 2067 errno 0: UNIQUE constraint failed: insecure_credentials.parent_id, insecure_credentials.insecurity_type sql: INSERT INTO insecure_credentials (parent_id, insecurity_type, create_time, is_muted) SELECT id, ?, ?, ? FROM logins WHERE signon_realm=? AND username_value=?
9월 13, 2021 20:12:11.745 [12712:8276:0913/201211.745:ERROR:database.cc(1674)] Passwords SQLite error: code 2067 errno 0: UNIQUE constraint failed: insecure_credentials.parent_id, insecure_credentials.insecurity_type sql: INSERT INTO insecure_credentials (parent_id, insecurity_type, create_time, is_muted) SELECT id, ?, ?, ? FROM logins WHERE signon_realm=? AND username_value=?
9월 13, 2021 20:15:40.158 [12712:5212:0913/201540.157:ERROR:database.cc(1674)] Passwords SQLite error: code 2067 errno 0: UNIQUE constraint failed: insecure_credentials.parent_id, insecure_credentials.insecurity_type sql: INSERT INTO insecure_credentials (parent_id, insecurity_type, create_time, is_muted) SELECT id, ?, ?, ? FROM logins WHERE signon_realm=? AND username_value=?
9월 13, 2021 20:18:49.831 [12712:5212:0913/201849.831:ERROR:database.cc(1674)] Passwords SQLite error: code 2067 errno 0: UNIQUE constraint failed: insecure_credentials.parent_id, insecure_credentials.insecurity_type sql: INSERT INTO insecure_credentials (parent_id, insecurity_type, create_time, is_muted) SELECT id, ?, ?, ? FROM logins WHERE signon_realm=? AND username_value=?
9월 13, 2021 20:24:16.763 [3136:7112:0913/202416.762:ERROR:device_event_log_impl.cc(214)] [20:24:16.762] Bluetooth: bluetooth_adapter_winrt.cc:1073 Getting Default Adapter failed.
9월 13, 2021 20:24:17.760 [3136:1016:0913/202417.759:ERROR:database.cc(1674)] Passwords SQLite error: code 2067 errno 0: UNIQUE constraint failed: insecure_credentials.parent_id, insecure_credentials.insecurity_type sql: INSERT INTO insecure_credentials (parent_id, insecurity_type, create_time, is_muted) SELECT id, ?, ?, ? FROM logins WHERE signon_realm=? AND username_value=?
9월 13, 2021 21:25:07.155 [3136:1516:0913/212507.154:ERROR:database.cc(1674)] Passwords SQLite error: code 2067 errno 0: UNIQUE constraint failed: insecure_credentials.parent_id, insecure_credentials.insecurity_type sql: INSERT INTO insecure_credentials (parent_id, insecurity_type, create_time, is_muted) SELECT id, ?, ?, ? FROM logins WHERE signon_realm=? AND username_value=?

9월 14, 2021 22:46:58.417 NEW SESSION
9월 14, 2021 22:46:58.417 [3460:10412:0914/224658.409:ERROR:device_event_log_impl.cc(214)] [22:46:58.409] Bluetooth: bluetooth_adapter_winrt.cc:1073 Getting Default Adapter failed.
9월 14, 2021 22:48:05.927 [1288:2060:0914/224805.926:ERROR:device_event_log_impl.cc(214)] [22:48:05.927] Bluetooth: bluetooth_adapter_winrt.cc:1073 Getting Default Adapter failed.
9월 14, 2021 22:48:37.987 [12128:9156:0914/224837.987:ERROR:device_event_log_impl.cc(214)] [22:48:37.986] Bluetooth: bluetooth_adapter_winrt.cc:1073 Getting Default Adapter failed.
9월 14, 2021 22:48:39.762 [12128:1444:0914/224839.761:ERROR:database.cc(1674)] Passwords SQLite error: code 2067 errno 0: UNIQUE constraint failed: insecure_credentials.parent_id, insecure_credentials.insecurity_type sql: INSERT INTO insecure_credentials (parent_id, insecurity_type, create_time, is_muted) SELECT id, ?, ?, ? FROM logins WHERE signon_realm=? AND username_value=?

9월 17, 2021 13:37:21.89 NEW SESSION
9월 17, 2021 13:37:21.89 [3420:5432:0917/133721.087:ERROR:device_event_log_impl.cc(214)] [13:37:21.087] Bluetooth: bluetooth_adapter_winrt.cc:1073 Getting Default Adapter failed.
9월 17, 2021 13:44:57.269 [4784:6424:0917/134457.269:ERROR:device_event_log_impl.cc(214)] [13:44:57.269] Bluetooth: bluetooth_adapter_winrt.cc:1073 Getting Default Adapter failed.
9월 17, 2021 13:57:30.556 [1704:9900:0917/135730.555:ERROR:device_event_log_impl.cc(214)] [13:57:30.556] Bluetooth: bluetooth_adapter_winrt.cc:1073 Getting Default Adapter failed.
9월 17, 2021 16:45:23.376 [1704:7912:0917/164523.375:ERROR:database.cc(1674)] Passwords SQLite error: code 2067 errno 0: UNIQUE constraint failed: insecure_credentials.parent_id, insecure_credentials.insecurity_type sql: INSERT INTO insecure_credentials (parent_id, insecurity_type, create_time, is_muted) SELECT id, ?, ?, ? FROM logins WHERE signon_realm=? AND username_value=?
9월 17, 2021 16:49:20.502 [1704:10476:0917/164920.501:ERROR:database.cc(1674)] Passwords SQLite error: code 2067 errno 0: UNIQUE constraint failed: insecure_credentials.parent_id, insecure_credentials.insecurity_type sql: INSERT INTO insecure_credentials (parent_id, insecurity_type, create_time, is_muted) SELECT id, ?, ?, ? FROM logins WHERE signon_realm=? AND username_value=?
9월 17, 2021 17:01:23.960 [1704:6564:0917/170123.959:ERROR:database.cc(1674)] Passwords SQLite error: code 2067 errno 0: UNIQUE constraint failed: insecure_credentials.parent_id, insecure_credentials.insecurity_type sql: INSERT INTO insecure_credentials (parent_id, insecurity_type, create_time, is_muted) SELECT id, ?, ?, ? FROM logins WHERE signon_realm=? AND username_value=?
9월 17, 2021 17:23:13.735 [1704:6140:0917/172313.734:ERROR:database.cc(1674)] Passwords SQLite error: code 2067 errno 0: UNIQUE constraint failed: insecure_credentials.parent_id, insecure_credentials.insecurity_type sql: INSERT INTO insecure_credentials (parent_id, insecurity_type, create_time, is_muted) SELECT id, ?, ?, ? FROM logins WHERE signon_realm=? AND username_value=?
9월 17, 2021 17:37:34.870 [1704:11488:0917/173734.870:ERROR:database.cc(1674)] Passwords SQLite error: code 2067 errno 0: UNIQUE constraint failed: insecure_credentials.parent_id, insecure_credentials.insecurity_type sql: INSERT INTO insecure_credentials (parent_id, insecurity_type, create_time, is_muted) SELECT id, ?, ?, ? FROM logins WHERE signon_realm=? AND username_value=?
9월 17, 2021 17:51:25.771 [12108:9628:0917/175125.771:ERROR:device_event_log_impl.cc(214)] [17:51:25.770] Bluetooth: bluetooth_adapter_winrt.cc:1073 Getting Default Adapter failed.
9월 17, 2021 17:51:27.84 [12108:11328:0917/175127.083:ERROR:database.cc(1674)] Passwords SQLite error: code 2067 errno 0: UNIQUE constraint failed: insecure_credentials.parent_id, insecure_credentials.insecurity_type sql: INSERT INTO insecure_credentials (parent_id, insecurity_type, create_time, is_muted) SELECT id, ?, ?, ? FROM logins WHERE signon_realm=? AND username_value=?
9월 17, 2021 17:54:01.808 [12108:3680:0917/175401.808:ERROR:database.cc(1674)] Passwords SQLite error: code 2067 errno 0: UNIQUE constraint failed: insecure_credentials.parent_id, insecure_credentials.insecurity_type sql: INSERT INTO insecure_credentials (parent_id, insecurity_type, create_time, is_muted) SELECT id, ?, ?, ? FROM logins WHERE signon_realm=? AND username_value=?
9월 17, 2021 18:11:01.933 [12108:12064:0917/181101.932:ERROR:database.cc(1674)] Passwords SQLite error: code 2067 errno 0: UNIQUE constraint failed: insecure_credentials.parent_id, insecure_credentials.insecurity_type sql: INSERT INTO insecure_credentials (parent_id, insecurity_type, create_time, is_muted) SELECT id, ?, ?, ? FROM logins WHERE signon_realm=? AND username_value=?
9월 17, 2021 18:28:00.636 [12108:5516:0917/182800.635:ERROR:database.cc(1674)] Passwords SQLite error: code 2067 errno 0: UNIQUE constraint failed: insecure_credentials.parent_id, insecure_credentials.insecurity_type sql: INSERT INTO insecure_credentials (parent_id, insecurity_type, create_time, is_muted) SELECT id, ?, ?, ? FROM logins WHERE signon_realm=? AND username_value=?
9월 17, 2021 18:29:44.991 [12108:7256:0917/182944.990:ERROR:database.cc(1674)] Passwords SQLite error: code 2067 errno 0: UNIQUE constraint failed: insecure_credentials.parent_id, insecure_credentials.insecurity_type sql: INSERT INTO insecure_credentials (parent_id, insecurity_type, create_time, is_muted) SELECT id, ?, ?, ? FROM logins WHERE signon_realm=? AND username_value=?
9월 17, 2021 18:43:05.574 [8268:5972:0917/184305.574:ERROR:device_event_log_impl.cc(214)] [18:43:05.574] Bluetooth: bluetooth_adapter_winrt.cc:1073 Getting Default Adapter failed.
9월 17, 2021 18:43:07.253 [8268:5064:0917/184307.252:ERROR:database.cc(1674)] Passwords SQLite error: code 2067 errno 0: UNIQUE constraint failed: insecure_credentials.parent_id, insecure_credentials.insecurity_type sql: INSERT INTO insecure_credentials (parent_id, insecurity_type, create_time, is_muted) SELECT id, ?, ?, ? FROM logins WHERE signon_realm=? AND username_value=?
9월 17, 2021 18:48:42.689 [8268:12220:0917/184842.689:ERROR:database.cc(1674)] Passwords SQLite error: code 2067 errno 0: UNIQUE constraint failed: insecure_credentials.parent_id, insecure_credentials.insecurity_type sql: INSERT INTO insecure_credentials (parent_id, insecurity_type, create_time, is_muted) SELECT id, ?, ?, ? FROM logins WHERE signon_realm=? AND username_value=?
9월 17, 2021 18:51:26.455 [8268:5376:0917/185126.454:ERROR:database.cc(1674)] Passwords SQLite error: code 2067 errno 0: UNIQUE constraint failed: insecure_credentials.parent_id, insecure_credentials.insecurity_type sql: INSERT INTO insecure_credentials (parent_id, insecurity_type, create_time, is_muted) SELECT id, ?, ?, ? FROM logins WHERE signon_realm=? AND username_value=?
9월 17, 2021 19:07:25.976 [8268:3360:0917/190725.976:ERROR:database.cc(1674)] Passwords SQLite error: code 2067 errno 0: UNIQUE constraint failed: insecure_credentials.parent_id, insecure_credentials.insecurity_type sql: INSERT INTO insecure_credentials (parent_id, insecurity_type, create_time, is_muted) SELECT id, ?, ?, ? FROM logins WHERE signon_realm=? AND username_value=?
9월 17, 2021 20:28:53.507 [8268:3324:0917/202853.506:ERROR:database.cc(1674)] Passwords SQLite error: code 2067 errno 0: UNIQUE constraint failed: insecure_credentials.parent_id, insecure_credentials.insecurity_type sql: INSERT INTO insecure_credentials (parent_id, insecurity_type, create_time, is_muted) SELECT id, ?, ?, ? FROM logins WHERE signon_realm=? AND username_value=?
9월 17, 2021 20:30:59.536 [8268:3452:0917/203059.536:ERROR:database.cc(1674)] Passwords SQLite error: code 2067 errno 0: UNIQUE constraint failed: insecure_credentials.parent_id, insecure_credentials.insecurity_type sql: INSERT INTO insecure_credentials (parent_id, insecurity_type, create_time, is_muted) SELECT id, ?, ?, ? FROM logins WHERE signon_realm=? AND username_value=?
9월 17, 2021 20:32:05.262 [8268:3452:0917/203205.262:ERROR:database.cc(1674)] Passwords SQLite error: code 2067 errno 0: UNIQUE constraint failed: insecure_credentials.parent_id, insecure_credentials.insecurity_type sql: INSERT INTO insecure_credentials (parent_id, insecurity_type, create_time, is_muted) SELECT id, ?, ?, ? FROM logins WHERE signon_realm=? AND username_value=?
9월 17, 2021 20:36:04.106 [8268:8868:0917/203604.105:ERROR:database.cc(1674)] Passwords SQLite error: code 2067 errno 0: UNIQUE constraint failed: insecure_credentials.parent_id, insecure_credentials.insecurity_type sql: INSERT INTO insecure_credentials (parent_id, insecurity_type, create_time, is_muted) SELECT id, ?, ?, ? FROM logins WHERE signon_realm=? AND username_value=?
9월 17, 2021 20:37:38.137 [8268:8868:0917/203738.136:ERROR:database.cc(1674)] Passwords SQLite error: code 2067 errno 0: UNIQUE constraint failed: insecure_credentials.parent_id, insecure_credentials.insecurity_type sql: INSERT INTO insecure_credentials (parent_id, insecurity_type, create_time, is_muted) SELECT id, ?, ?, ? FROM logins WHERE signon_realm=? AND username_value=?
9월 17, 2021 21:05:29.505 [11856:1912:0917/210529.505:ERROR:device_event_log_impl.cc(214)] [21:05:29.504] Bluetooth: bluetooth_adapter_winrt.cc:1073 Getting Default Adapter failed.
9월 17, 2021 21:05:42.97 [11856:10976:0917/210542.097:ERROR:database.cc(1674)] Passwords SQLite error: code 2067 errno 0: UNIQUE constraint failed: insecure_credentials.parent_id, insecure_credentials.insecurity_type sql: INSERT INTO insecure_credentials (parent_id, insecurity_type, create_time, is_muted) SELECT id, ?, ?, ? FROM logins WHERE signon_realm=? AND username_value=?

9월 19, 2021 22:06:45.37 NEW SESSION
9월 19, 2021 22:06:45.37 [10932:9688:0919/220645.035:ERROR:device_event_log_impl.cc(214)] [22:06:45.034] Bluetooth: bluetooth_adapter_winrt.cc:1073 Getting Default Adapter failed.
9월 19, 2021 22:07:05.366 [10932:5908:0919/220705.366:ERROR:database.cc(1674)] Passwords SQLite error: code 2067 errno 0: UNIQUE constraint failed: insecure_credentials.parent_id, insecure_credentials.insecurity_type sql: INSERT INTO insecure_credentials (parent_id, insecurity_type, create_time, is_muted) SELECT id, ?, ?, ? FROM logins WHERE signon_realm=? AND username_value=?

9월 21, 2021 15:45:20.860 NEW SESSION
9월 21, 2021 15:45:20.860 [4412:11824:0921/154520.859:ERROR:device_event_log_impl.cc(214)] [15:45:20.859] Bluetooth: bluetooth_adapter_winrt.cc:1073 Getting Default Adapter failed.
9월 21, 2021 15:45:40.159 [7296:7556:0921/154540.158:ERROR:device_event_log_impl.cc(214)] [15:45:40.159] Bluetooth: bluetooth_adapter_winrt.cc:1073 Getting Default Adapter failed.
9월 21, 2021 15:46:22.364 [10164:1600:0921/154622.364:ERROR:device_event_log_impl.cc(214)] [15:46:22.364] Bluetooth: bluetooth_adapter_winrt.cc:1073 Getting Default Adapter failed.
9월 21, 2021 15:47:03.710 [10164:5528:0921/154703.709:ERROR:database.cc(1674)] Passwords SQLite error: code 2067 errno 0: UNIQUE constraint failed: insecure_credentials.parent_id, insecure_credentials.insecurity_type sql: INSERT INTO insecure_credentials (parent_id, insecurity_type, create_time, is_muted) SELECT id, ?, ?, ? FROM logins WHERE signon_realm=? AND username_value=?

9월 22, 2021 03:06:23.919 NEW SESSION
9월 22, 2021 03:06:23.919 [6224:6180:0922/030623.912:ERROR:device_event_log_impl.cc(214)] [03:06:23.912] Bluetooth: bluetooth_adapter_winrt.cc:1073 Getting Default Adapter failed.
9월 22, 2021 03:15:15.564 [3148:7484:0922/031515.564:ERROR:device_event_log_impl.cc(214)] [03:15:15.566] Bluetooth: bluetooth_adapter_winrt.cc:1073 Getting Default Adapter failed.
9월 22, 2021 03:20:32.112 [3148:5300:0922/032032.112:ERROR:database.cc(1674)] Passwords SQLite error: code 2067 errno 0: UNIQUE constraint failed: insecure_credentials.parent_id, insecure_credentials.insecurity_type sql: INSERT INTO insecure_credentials (parent_id, insecurity_type, create_time, is_muted) SELECT id, ?, ?, ? FROM logins WHERE signon_realm=? AND username_value=?
9월 22, 2021 03:20:59.596 [3148:5300:0922/032059.595:ERROR:database.cc(1674)] Passwords SQLite error: code 2067 errno 0: UNIQUE constraint failed: insecure_credentials.parent_id, insecure_credentials.insecurity_type sql: INSERT INTO insecure_credentials (parent_id, insecurity_type, create_time, is_muted) SELECT id, ?, ?, ? FROM logins WHERE signon_realm=? AND username_value=?
9월 22, 2021 04:00:29.262 [10184:3036:0922/040029.262:ERROR:device_event_log_impl.cc(214)] [04:00:29.260] Bluetooth: bluetooth_adapter_winrt.cc:1073 Getting Default Adapter failed.
9월 22, 2021 04:03:10.47 [10184:2376:0922/040310.047:ERROR:database.cc(1674)] Passwords SQLite error: code 2067 errno 0: UNIQUE constraint failed: insecure_credentials.parent_id, insecure_credentials.insecurity_type sql: INSERT INTO insecure_credentials (parent_id, insecurity_type, create_time, is_muted) SELECT id, ?, ?, ? FROM logins WHERE signon_realm=? AND username_value=?
9월 22, 2021 04:03:44.489 [0922/040344.488:ERROR:filesystem_win.cc(129)] GetFileAttributes C:\Users\kmk92\AppData\Local\Google\Chrome\User Data\Crashpad\attachments\441a6ba8-7dd9-4aa4-a896-f24212a717d7: 지정된 경로를 찾을 수 없습니다. (0x3)
9월 22, 2021 04:03:44.489 [0922/040344.489:ERROR:filesystem_win.cc(129)] GetFileAttributes C:\Users\kmk92\AppData\Local\Google\Chrome\User Data\Crashpad\attachments\787eb4a3-1e58-47f2-a997-f9b5551559f7: 지정된 경로를 찾을 수 없습니다. (0x3)
9월 22, 2021 04:03:44.491 [0922/040344.490:ERROR:filesystem_win.cc(129)] GetFileAttributes C:\Users\kmk92\AppData\Local\Google\Chrome\User Data\Crashpad\attachments\07f949b0-1905-4d0d-9099-ca88c9b61d24: 지정된 경로를 찾을 수 없습니다. (0x3)
9월 22, 2021 04:16:13.934 [10184:7496:0922/041613.934:ERROR:database.cc(1674)] Passwords SQLite error: code 2067 errno 0: UNIQUE constraint failed: logins.origin_url, logins.username_element, logins.username_value, logins.password_element, logins.signon_realm sql: INSERT INTO logins (origin_url, action_url, username_element, username_value, password_element, password_value, submit_element, signon_realm, date_created, blacklisted_by_user, scheme, password_type, times_used, form_data, date_synced, display_name, icon_url, federation_url, skip_zero_click, generation_upload_status, possible_username_pairs, id, date_last_used, moving_blocked_for) VALUES (?,?,?,?,?,?,?,?,?,?,?,?,?,?,?,?,?,?,?,?,?,?,?,?)
9월 22, 2021 04:23:28.136 [10184:752:0922/042328.136:ERROR:database.cc(1674)] Passwords SQLite error: code 2067 errno 0: UNIQUE constraint failed: logins.origin_url, logins.username_element, logins.username_value, logins.password_element, logins.signon_realm sql: INSERT INTO logins (origin_url, action_url, username_element, username_value, password_element, password_value, submit_element, signon_realm, date_created, blacklisted_by_user, scheme, password_type, times_used, form_data, date_synced, display_name, icon_url, federation_url, skip_zero_click, generation_upload_status, possible_username_pairs, id, date_last_used, moving_blocked_for) VALUES (?,?,?,?,?,?,?,?,?,?,?,?,?,?,?,?,?,?,?,?,?,?,?,?)
9월 22, 2021 04:35:32.601 [10184:7496:0922/043532.600:ERROR:database.cc(1674)] Passwords SQLite error: code 2067 errno 0: UNIQUE constraint failed: logins.origin_url, logins.username_element, logins.username_value, logins.password_element, logins.signon_realm sql: INSERT INTO logins (origin_url, action_url, username_element, username_value, password_element, password_value, submit_element, signon_realm, date_created, blacklisted_by_user, scheme, password_type, times_used, form_data, date_synced, display_name, icon_url, federation_url, skip_zero_click, generation_upload_status, possible_username_pairs, id, date_last_used, moving_blocked_for) VALUES (?,?,?,?,?,?,?,?,?,?,?,?,?,?,?,?,?,?,?,?,?,?,?,?)
